Arguments: 
  /Users/asad/.nvm/versions/node/v18.18.0/bin/node /usr/local/bin/yarn install

PATH: 
  /Users/asad/.rvm/gems/ruby-3.0.0@2.7.6/bin:/Users/asad/.rvm/gems/ruby-3.0.0@global/bin:/Users/asad/.rvm/rubies/ruby-3.0.0/bin:/Users/asad/.nvm/versions/node/v18.18.0/bin:/usr/local/bin:/usr/bin:/bin:/usr/sbin:/sbin:/Library/Apple/usr/bin:/Users/asad/.rvm/gems/ruby-3.0.0@2.7.6/bin:/Users/asad/.rvm/gems/ruby-3.0.0@global/bin:/Users/asad/.rvm/rubies/ruby-3.0.0/bin:/Users/asad/.nvm/versions/node/v18.18.0/bin:/Users/asad/.cargo/bin:/Users/asad/.rvm/bin

Yarn version: 
  1.22.19

Node version: 
  18.18.0

Platform: 
  darwin x64

Trace: 
  Error: connect ENETUNREACH 104.16.0.35:443 - Local (0.0.0.0:49856)
      at internalConnect (node:net:1100:16)
      at defaultTriggerAsyncIdScope (node:internal/async_hooks:463:18)
      at emitLookup (node:net:1381:9)
      at /usr/local/lib/node_modules/yarn/lib/cli.js:103587:28
      at /usr/local/lib/node_modules/yarn/lib/cli.js:103496:13
      at module.exports.RawTask.call (/usr/local/lib/node_modules/yarn/lib/cli.js:79584:19)
      at flush (/usr/local/lib/node_modules/yarn/lib/cli.js:79666:29)
      at processTicksAndRejections (node:internal/process/task_queues:77:11)
      at runNextTicks (node:internal/process/task_queues:64:3)
      at process.processImmediate (node:internal/timers:447:9)

npm manifest: 
  {
    "name": "cv-craft",
    "version": "0.1.0",
    "private": true,
    "scripts": {
      "dev": "next dev",
      "build": "next build",
      "start": "next start",
      "lint": "next lint"
    },
    "dependencies": {
      "@emotion/react": "^11.11.1",
      "@emotion/styled": "^11.11.0",
      "@mui/base": "^5.0.0-beta.8",
      "@mui/icons-material": "^5.14.0",
      "@mui/material": "^5.14.0",
      "@mui/x-date-pickers": "^6.11.2",
      "react": "^18",
      "react-dom": "^18",
      "next": "14.0.4",
      "firebase": "^10.0.0",
      "jwt-decode": "^3.1.2",
      "react-google-button": "^0.7.2"
    },
    "devDependencies": {
      "eslint": "^8",
      "eslint-config-next": "14.0.4"
    }
  }

yarn manifest: 
  No manifest

Lockfile: 
  No lockfile
